0 info it worked if it ends with ok
1 verbose cli [ '/home/jacquarg/opt/nodejs/bin/node',
1 verbose cli   '/home/jacquarg/opt/nodejs/bin/npm',
1 verbose cli   'run',
1 verbose cli   'build' ]
2 info using npm@2.15.8
3 info using node@v4.4.7
4 verbose stack Error: Failed to parse json
4 verbose stack Unexpected token '{' at 13:13
4 verbose stack   "scripts" {
4 verbose stack             ^
4 verbose stack     at parseError (/home/jacquarg/opt/nodejs/lib/node_modules/npm/node_modules/read-package-json/read-json.js:390:11)
4 verbose stack     at parseJson (/home/jacquarg/opt/nodejs/lib/node_modules/npm/node_modules/read-package-json/read-json.js:79:23)
4 verbose stack     at /home/jacquarg/opt/nodejs/lib/node_modules/npm/node_modules/read-package-json/read-json.js:48:5
4 verbose stack     at /home/jacquarg/opt/nodejs/lib/node_modules/npm/node_modules/graceful-fs/graceful-fs.js:78:16
4 verbose stack     at FSReqWrap.readFileAfterClose [as oncomplete] (fs.js:380:3)
5 verbose cwd /home/jacquarg/workspace/PiloteMesInfos/MesInfosDataPlayground
6 error Linux 3.16.0-4-amd64
7 error argv "/home/jacquarg/opt/nodejs/bin/node" "/home/jacquarg/opt/nodejs/bin/npm" "run" "build"
8 error node v4.4.7
9 error npm  v2.15.8
10 error file /home/jacquarg/workspace/PiloteMesInfos/MesInfosDataPlayground/package.json
11 error code EJSONPARSE
12 error Failed to parse json
12 error Unexpected token '{' at 13:13
12 error   "scripts" {
12 error             ^
13 error File: /home/jacquarg/workspace/PiloteMesInfos/MesInfosDataPlayground/package.json
14 error Failed to parse package.json data.
14 error package.json must be actual JSON, not just JavaScript.
14 error
14 error This is not a bug in npm.
14 error Tell the package author to fix their package.json file. JSON.parse
15 verbose exit [ 1, true ]
